<?xml version="1.0" encoding="UTF-8"?>
<!-- Generated by org.testng.reporters.JUnitReportReporter -->
<testsuite hostname="TI-NB-398" failures="0" tests="1" name="TestCases.Testcase1" time="7.059" errors="0" timestamp="2021-05-26T15:34:04 IST" skipped="0">
  <testcase classname="TestCases.Testcase1" name="Registration" time="7.059"/>
  <system-out/>
</testsuite> <!-- TestCases.Testcase1 -->
