<?xml version="1.0" encoding="UTF-8"?>
<!-- Generated by org.testng.reporters.JUnitReportReporter -->
<testsuite hostname="TI-NB-398" failures="0" tests="1" name="TestCases.TestCase4" time="0.399" errors="0" timestamp="2021-05-25T08:38:21 IST" skipped="0">
  <testcase classname="TestCases.TestCase4" name="s" time="0.399"/>
  <system-out/>
</testsuite> <!-- TestCases.TestCase4 -->
