<?xml version="1.0" encoding="UTF-8"?>
<!-- Generated by org.testng.reporters.JUnitReportReporter -->
<testsuite hostname="TI-NB-398" failures="0" tests="1" name="TestCases.Testcase3" time="0.000" errors="0" timestamp="2021-06-06T21:32:09 IST" skipped="1">
  <testcase classname="TestCases.Testcase3" name="test_delete" time="0.000">
    <skipped/>
  </testcase> <!-- test_delete -->
  <system-out/>
</testsuite> <!-- TestCases.Testcase3 -->
