<?xml version="1.0" encoding="UTF-8"?>
<!-- Generated by org.testng.reporters.JUnitReportReporter -->
<testsuite hostname="TI-NB-398" failures="0" tests="1" name="TestCases.BaseClass" time="4.481" errors="0" timestamp="2021-05-10T16:01:42 IST" skipped="0">
  <testcase classname="TestCases.BaseClass" name="lunchBrowser" time="4.481"/>
  <system-out/>
</testsuite> <!-- TestCases.BaseClass -->
