<?xml version="1.0" encoding="UTF-8"?>
<!-- Generated by org.testng.reporters.JUnitReportReporter -->
<testsuite hostname="TI-NB-398" failures="0" tests="1" name="TestCases.Testcase1" time="6.612" errors="0" timestamp="2021-06-09T00:21:37 IST" skipped="0">
  <testcase classname="TestCases.Testcase1" name="Registration" time="6.612"/>
  <system-out/>
</testsuite> <!-- TestCases.Testcase1 -->
