<?xml version="1.0" encoding="UTF-8"?>
<!-- Generated by org.testng.reporters.JUnitReportReporter -->
<testsuite hostname="TI-NB-398" failures="0" tests="1" name="TestCases.Testcase1" time="3.892" errors="0" timestamp="2021-06-18T21:02:21 IST" skipped="0">
  <testcase classname="TestCases.Testcase1" name="Registration" time="3.892"/>
  <system-out/>
</testsuite> <!-- TestCases.Testcase1 -->
