<?xml version="1.0" encoding="UTF-8"?>
<!-- Generated by org.testng.reporters.JUnitReportReporter -->
<testsuite hostname="TI-NB-398" failures="0" tests="1" name="TestCases.Testcase1" time="7.107" errors="0" timestamp="2021-06-07T20:40:51 IST" skipped="0">
  <testcase classname="TestCases.Testcase1" name="Registration" time="7.107"/>
  <system-out/>
</testsuite> <!-- TestCases.Testcase1 -->
