<?xml version="1.0" encoding="UTF-8"?>
<!-- Generated by org.testng.reporters.JUnitReportReporter -->
<testsuite hostname="TI-NB-398" failures="0" tests="1" name="TestCases.TestCase4" time="0.000" errors="0" timestamp="2021-06-06T21:32:09 IST" skipped="1">
  <testcase classname="TestCases.TestCase4" name="s" time="0.000">
    <skipped/>
  </testcase> <!-- s -->
  <system-out/>
</testsuite> <!-- TestCases.TestCase4 -->
