<?xml version="1.0" encoding="UTF-8"?>
<!-- Generated by org.testng.reporters.JUnitReportReporter -->
<testsuite hostname="TI-NB-398" failures="0" tests="1" name="TestCases.Testcase1" time="0.000" errors="0" timestamp="2021-06-06T21:32:09 IST" skipped="1">
  <testcase classname="TestCases.Testcase1" name="Registration" time="0.000">
    <skipped/>
  </testcase> <!-- Registration -->
  <system-out/>
</testsuite> <!-- TestCases.Testcase1 -->
